PRT1
244
544
4 0 3 (3417.540039 3072 0 ) (3417.540039 3072 840 ) (3072 3072 840 ) (3072 3072 0 ) 
4 0 1 (3072 3072 0 ) (3072 3072 840 ) (3072 3589.610107 840 ) (3072 3589.610107 0 ) 
4 1 5 (3072 3072 0 ) (3072 3072 840 ) (2048 3072 840 ) (2048 3072 0 ) 
4 1 2 (2048 3072 0 ) (2048 3072 840 ) (2048 3589.610107 840 ) (2048 3589.610107 0 ) 
4 2 9 (1024 3072 0 ) (1024 3072 840 ) (1024 3589.610107 840 ) (1024 3589.610107 0 ) 
4 2 6 (2048 3072 0 ) (2048 3072 840 ) (1024 3072 840 ) (1024 3072 0 ) 
4 3 5 (3072 3072 840 ) (3072 3072 0 ) (3072 2048 0 ) (3072 2048 840 ) 
4 3 4 (3417.540039 2048 0 ) (3417.540039 2048 840 ) (3072 2048 840 ) (3072 2048 0 ) 
4 4 18 (3417.540039 1024 0 ) (3417.540039 1024 840 ) (3072 1024 840 ) (3072 1024 0 ) 
4 4 7 (3072 1024 0 ) (3072 1024 840 ) (3072 2048 840 ) (3072 2048 0 ) 
4 5 7 (3072 2048 0 ) (3072 2048 840 ) (2048 2048 840 ) (2048 2048 0 ) 
4 5 6 (2048 3072 840 ) (2048 3072 0 ) (2048 2048 0 ) (2048 2048 840 ) 
4 6 12 (1024 2048 0 ) (1024 2048 840 ) (1024 3072 840 ) (1024 3072 0 ) 
4 6 8 (2048 2048 0 ) (2048 2048 840 ) (1024 2048 840 ) (1024 2048 0 ) 
4 7 20 (3072 1024 0 ) (3072 1024 840 ) (2048 1024 840 ) (2048 1024 0 ) 
4 7 8 (2048 2048 840 ) (2048 2048 0 ) (2048 1024 0 ) (2048 1024 840 ) 
4 8 21 (2048 1024 0 ) (2048 1024 840 ) (1024 1024 840 ) (1024 1024 0 ) 
4 8 14 (1024 1024 0 ) (1024 1024 840 ) (1024 2048 840 ) (1024 2048 0 ) 
4 9 12 (1024 3072 0 ) (1024 3072 840 ) (0 3072 840 ) (0 3072 0 ) 
4 9 10 (0 3072 0 ) (0 3072 840 ) (0 3589.610107 840 ) (0 3589.610107 0 ) 
4 10 13 (0 3072 0 ) (0 3072 840 ) (-1024 3072 840 ) (-1024 3072 0 ) 
4 10 11 (-1024 3072 0 ) (-1024 3072 840 ) (-1024 3589.610107 840 ) (-1024 3589.610107 0 ) 
4 11 16 (-1024 3072 0 ) (-1024 3072 840 ) (-1529.540039 3072 840 ) (-1529.540039 3072 0 ) 
4 12 14 (1024 2048 0 ) (1024 2048 840 ) (0 2048 840 ) (0 2048 0 ) 
4 12 13 (0 3072 840 ) (0 3072 0 ) (0 2048 0 ) (0 2048 840 ) 
4 13 16 (-1024 3072 840 ) (-1024 3072 0 ) (-1024 2048 0 ) (-1024 2048 840 ) 
4 13 15 (0 2048 0 ) (0 2048 840 ) (-1024 2048 840 ) (-1024 2048 0 ) 
4 14 33 (1024 1024 0 ) (1024 1024 840 ) (0 1024 840 ) (0 1024 0 ) 
4 14 15 (0 2048 840 ) (0 2048 0 ) (0 1024 0 ) (0 1024 840 ) 
4 15 66 (0 1024 0 ) (0 1024 1 ) (-1024 1024 1 ) (-1024 1024 0 ) 
4 15 58 (-832 1024 400 ) (-1024 1024 400 ) (-1024 1024 1 ) (-832 1024 1 ) 
4 15 52 (-456 1024 400 ) (-832 1024 400 ) (-832 1024 1 ) (-456 1024 1 ) 
4 15 45 (-81.015099 1024 400 ) (-456 1024 400 ) (-456 1024 1 ) (-81.015099 1024 1 ) 
4 15 42 (-56.881302 1024 400 ) (-81.015099 1024 400 ) (-81.015099 1024 1 ) (-56.881302 1024 1 ) 
4 15 41 (0 1024 1 ) (0 1024 400 ) (-56.881302 1024 400 ) (-56.881302 1024 1 ) 
4 15 35 (-57 1024 840 ) (-1024 1024 840 ) (-1024 1024 400 ) (-57 1024 400 ) 
4 15 34 (0 1024 400 ) (0 1024 840 ) (-57 1024 840 ) (-57 1024 400 ) 
4 15 17 (-1024 1024 0 ) (-1024 1024 840 ) (-1024 2048 840 ) (-1024 2048 0 ) 
4 16 17 (-1024 2048 0 ) (-1024 2048 840 ) (-1529.540039 2048 840 ) (-1529.540039 2048 0 ) 
4 17 158 (-1396.300171 1024 400 ) (-1529.540039 1024 400 ) (-1529.540039 1024 0 ) (-1396.300171 1024 0 ) 
4 17 130 (-1024 1024 0 ) (-1024 1024 400 ) (-1396.300171 1024 400 ) (-1396.300171 1024 0 ) 
4 17 129 (-1396 1024 840 ) (-1529.540039 1024 840 ) (-1529.540039 1024 400 ) (-1396 1024 400 ) 
4 17 128 (-1024 1024 400 ) (-1024 1024 840 ) (-1396 1024 840 ) (-1396 1024 400 ) 
4 18 20 (3072 1024 840 ) (3072 1024 0 ) (3072 0 0 ) (3072 0 840 ) 
4 18 19 (3417.540039 0 0 ) (3417.540039 0 840 ) (3072 0 840 ) (3072 0 0 ) 
4 19 26 (3417.540039 -1024 0 ) (3417.540039 -1024 840 ) (3072 -1024 840 ) (3072 -1024 0 ) 
4 19 22 (3072 -1024 0 ) (3072 -1024 840 ) (3072 0 840 ) (3072 0 0 ) 
4 20 22 (3072 0 0 ) (3072 0 840 ) (2048 0 840 ) (2048 0 0 ) 
4 20 21 (2048 1024 840 ) (2048 1024 0 ) (2048 0 0 ) (2048 0 840 ) 
4 21 33 (1024 1024 840 ) (1024 1024 0 ) (1024 0 0 ) (1024 0 840 ) 
4 21 25 (1128 0 1 ) (1024 0 1 ) (1024 0 0 ) (1128 0 0 ) 
4 21 24 (2048 0 0 ) (2048 0 1 ) (1128 0 1 ) (1128 0 0 ) 
4 21 23 (2048 0 1 ) (2048 0 840 ) (1024 0 840 ) (1024 0 1 ) 
4 22 27 (3072 -1024 0 ) (3072 -1024 840 ) (2048 -1024 840 ) (2048 -1024 0 ) 
4 22 24 (2048 0 1 ) (2048 0 0 ) (2048 -1024 0 ) (2048 -1024 1 ) 
4 22 23 (2048 0 840 ) (2048 0 1 ) (2048 -1024 1 ) (2048 -1024 840 ) 
4 23 71 (1024 -1024 1 ) (1024 -1024 840 ) (1024 0 840 ) (1024 0 1 ) 
4 23 29 (1224 -1024 840 ) (1024 -1024 840 ) (1024 -1024 1 ) (1224 -1024 1 ) 
4 23 28 (2048 -1024 1 ) (2048 -1024 840 ) (1224 -1024 840 ) (1224 -1024 1 ) 
4 23 25 (1024 -232 1 ) (1024 0 1 ) (1128 0 1 ) (1128 -232 1 ) 
4 23 24 (2048 -1024 1 ) (1128 -1024 1 ) (1128 0 1 ) (2048 0 1 ) 
4 24 30 (1224 -1024 1 ) (1128 -1024 1 ) (1128 -1024 0 ) (1224 -1024 0 ) 
4 24 28 (2048 -1024 0 ) (2048 -1024 1 ) (1224 -1024 1 ) (1224 -1024 0 ) 
4 24 25 (1128 0 0 ) (1128 -232 0 ) (1128 -232 1 ) (1128 0 1 ) 
4 25 72 (1024 -232 1 ) (1024 0 1 ) (1024 0 0 ) (1024 -232 0 ) 
4 26 27 (3072 -1024 840 ) (3072 -1024 0 ) (3072 -1909.610107 0 ) (3072 -1909.610107 840 ) 
4 27 28 (2048 -1024 840 ) (2048 -1024 0 ) (2048 -1909.610107 0 ) (2048 -1909.610107 840 ) 
4 28 32 (1224 -1909.610107 0 ) (1224 -1909.610107 840 ) (1224 -1616 840 ) (1224 -1616 0 ) 
4 28 31 (1224 -1616 840 ) (1224 -1332 840 ) (1224 -1332 1 ) (1224 -1616 1 ) 
4 28 30 (1224 -1024 1 ) (1224 -1024 0 ) (1224 -1332 0 ) (1224 -1332 1 ) 
4 28 29 (1224 -1332 840 ) (1224 -1024 840 ) (1224 -1024 1 ) (1224 -1332 1 ) 
4 29 196 (1024 -1332 1 ) (1024 -1332 840 ) (1024 -1024 840 ) (1024 -1024 1 ) 
4 29 31 (1024 -1332 840 ) (1024 -1332 1 ) (1224 -1332 1 ) (1224 -1332 840 ) 
4 29 30 (1224 -1332 1 ) (1128 -1332 1 ) (1128 -1024 1 ) (1224 -1024 1 ) 
4 31 198 (1024 -1616 1 ) (1024 -1616 840 ) (1024 -1332 840 ) (1024 -1332 1 ) 
4 31 32 (1224 -1616 1 ) (1224 -1616 840 ) (1024 -1616 840 ) (1024 -1616 1 ) 
4 32 199 (1024 -1909.610107 0 ) (1024 -1909.610107 840 ) (1024 -1616 840 ) (1024 -1616 0 ) 
4 33 72 (1024 0 0 ) (1024 0 1 ) (0 0 1 ) (0 0 0 ) 
4 33 71 (1024 0 1 ) (1024 0 840 ) (0 0 840 ) (0 0 1 ) 
4 33 70 (0 436 0 ) (0 0 0 ) (0 0 1 ) (0 436 1 ) 
4 33 67 (0 616 0 ) (0 436 0 ) (0 436 1 ) (0 616 1 ) 
4 33 66 (0 1024 1 ) (0 1024 0 ) (0 616 0 ) (0 616 1 ) 
4 33 41 (0 1024 400 ) (0 1024 1 ) (0 0 1 ) (0 0 400 ) 
4 33 34 (0 1024 840 ) (0 1024 400 ) (0 0 400 ) (0 0 840 ) 
4 34 75 (0 0 400 ) (0 0 458 ) (-57 0 458 ) (-57 0 400 ) 
4 34 74 (0 0 458 ) (0 0 840 ) (-57 0 840 ) (-57 0 458 ) 
4 34 41 (0 0 400 ) (-57 0 400 ) (-57 1024 400 ) (0 1024 400 ) 
4 34 40 (-57 0 437.682251 ) (-57 0 840 ) (-57 436 840 ) (-57 436 411.930725 ) 
4 34 36 (-57 436 411.930725 ) (-57 436 840 ) (-57 616 840 ) (-57 616 401.299347 ) 
5 34 35 (-57 1024 400 ) (-57 638 400 ) (-57 616 401.299347 ) (-57 616 840 ) (-57 1024 840 ) 
5 35 128 (-1024 1024 840 ) (-1024 1024 400 ) (-1024 638 400 ) (-1024 616 401.299347 ) (-1024 616 840 ) 
4 35 58 (-1024 638 400 ) (-1024 1024 400 ) (-832 1024 400 ) (-832 638 400 ) 
4 35 52 (-832 1024 400 ) (-456 1024 400 ) (-456 638 400 ) (-832 638 400 ) 
4 35 45 (-456 1024 400 ) (-81.015099 1024 400 ) (-81.015099 638 400 ) (-456 638 400 ) 
4 35 42 (-81.015099 1024 400 ) (-57 1024 400 ) (-57 638 400 ) (-81.015099 638 400 ) 
4 35 39 (-1016 616 840 ) (-1024 616 840 ) (-1024 616 402 ) (-1016 616 402 ) 
4 35 38 (-280 616 840 ) (-1016 616 840 ) (-1016 616 401.299347 ) (-280 616 401.299347 ) 
4 35 37 (-272 616 840 ) (-280 616 840 ) (-280 616 402 ) (-272 616 402 ) 
4 35 36 (-57 616 401.299347 ) (-57 616 840 ) (-272 616 840 ) (-272 616 401.299347 ) 
4 36 40 (-57 436 411.930725 ) (-57 436 840 ) (-272 436 840 ) (-272 436 411.930725 ) 
5 36 37 (-272 616 840 ) (-272 616 402 ) (-272 604.137207 402 ) (-272 436 411.930725 ) (-272 436 840 ) 
4 37 40 (-272 436 411.930725 ) (-272 436 840 ) (-280 436 840 ) (-280 436 411.930725 ) 
5 37 38 (-280 616 840 ) (-280 616 402 ) (-280 604.137268 402 ) (-280 436 411.930725 ) (-280 436 840 ) 
4 38 40 (-280 436 411.930725 ) (-280 436 840 ) (-1016 436 840 ) (-1016 436 411.930725 ) 
5 38 39 (-1016 616 840 ) (-1016 616 402 ) (-1016 604.137207 402 ) (-1016 436 411.930725 ) (-1016 436 840 ) 
5 39 128 (-1024 436 411.930725 ) (-1024 436 840 ) (-1024 616 840 ) (-1024 616 402 ) (-1024 604.137268 402 ) 
4 39 40 (-1016 436 411.930725 ) (-1016 436 840 ) (-1024 436 840 ) (-1024 436 411.930725 ) 
4 40 128 (-1024 0 437.682251 ) (-1024 0 840 ) (-1024 436 840 ) (-1024 436 411.930725 ) 
4 40 76 (-1024 0 458 ) (-1024 0 437.682251 ) (-57 0 437.682251 ) (-57 0 458 ) 
4 40 74 (-57 0 840 ) (-1024 0 840 ) (-1024 0 458 ) (-57 0 458 ) 
4 41 80 (-56.881302 0 399 ) (-56.881302 0 1 ) (-53 0 1 ) (-53 0 399 ) 
4 41 79 (-53 0 400 ) (-56.881302 0 400 ) (-56.881302 0 399 ) (-53 0 399 ) 
4 41 78 (0 0 1 ) (0 0 400 ) (-53 0 400 ) (-53 0 1 ) 
4 41 70 (0 436 1 ) (0 0 1 ) (-56.881302 0 1 ) (-56.881302 436 1 ) 
4 41 67 (0 616 1 ) (0 436 1 ) (-56.881302 436 1 ) (-56.881302 616 1 ) 
4 41 66 (-56.881302 1024 1 ) (0 1024 1 ) (0 616 1 ) (-56.881302 616 1 ) 
4 41 43 (-56.881302 602.285583 1 ) (-56.881302 598.034058 1 ) (-56.881302 598.033997 400 ) (-56.881302 602.285522 400 ) 
4 41 42 (-56.881302 1024 1 ) (-56.881302 602.285583 1 ) (-56.881302 602.285522 400 ) (-56.881302 1024 400 ) 
3 42 67 (-56.881302 616 1 ) (-56.881302 602.285583 1 ) (-66.612701 616 1 ) 
5 42 66 (-81.015099 1024 1 ) (-56.881302 1024 1 ) (-56.881302 616 1 ) (-66.612701 616 1 ) (-81.015099 636.297241 1 ) 
4 42 46 (-81.015099 637.713989 1 ) (-81.015099 636.297241 1 ) (-81.015099 636.297241 400 ) (-81.015099 637.713989 400 ) 
4 42 45 (-81.015099 1024 1 ) (-81.015099 637.713989 1 ) (-81.015099 637.713989 400 ) (-81.015099 1024 400 ) 
4 42 44 (-81.015099 636.300720 400 ) (-81.015099 636.300720 1 ) (-71.960724 623.540405 1 ) (-71.960724 623.540405 400 ) 
4 42 43 (-59.900452 606.543945 1 ) (-56.881302 602.289063 1 ) (-56.881302 602.289063 400 ) (-59.900452 606.543945 400 ) 
3 43 67 (-56.881302 602.285583 1 ) (-56.881302 598.034058 1 ) (-59.897980 606.536987 1 ) 
3 44 66 (-81.015099 629.210999 1 ) (-81.015099 636.297241 1 ) (-71.965118 623.543152 1 ) 
4 44 47 (-81.015099 632.046021 1 ) (-81.015099 629.210999 1 ) (-81.015099 629.210999 400 ) (-81.015099 632.046021 400 ) 
4 44 46 (-81.015099 636.297241 1 ) (-81.015099 632.046021 1 ) (-81.015099 632.046021 400 ) (-81.015099 636.297241 400 ) 
4 45 66 (-456 1024 1 ) (-81.015099 1024 1 ) (-81.015099 637.713989 1 ) (-456 637.713989 1 ) 
4 45 52 (-456 1024 1 ) (-456 637.713989 1 ) (-456 637.713989 400 ) (-456 1024 400 ) 
4 45 46 (-99.115387 637.713989 1 ) (-81.015099 637.713989 1 ) (-81.015099 637.713989 400 ) (-99.115395 637.713989 400 ) 
3 46 66 (-81.015099 637.713989 1 ) (-81.015099 632.046082 1 ) (-99.115387 637.713989 1 ) 
4 46 47 (-90.066925 634.881104 1 ) (-81.015099 632.046631 1 ) (-81.015099 632.046631 400 ) (-90.066933 634.881104 400 ) 
3 47 66 (-81.015099 632.046082 1 ) (-81.015099 629.211060 1 ) (-90.065125 634.880005 1 ) 
4 48 87 (-81.015099 0 400 ) (-272 0 400 ) (-272 0 1 ) (-81.015099 0 1 ) 
4 48 50 (-272 436 1 ) (-272 264 1 ) (-272 264 400 ) (-272 436 400 ) 
4 49 53 (-456 615.039978 1 ) (-456 440 1 ) (-456 440 400 ) (-456 615.039978 400 ) 
4 49 50 (-456 436 400 ) (-456 436 1 ) (-280 436 1 ) (-280 436 400 ) 
4 51 93 (-448 0 400 ) (-456 0 400 ) (-456 0 1 ) (-448 0 1 ) 
4 51 92 (-280 0 400 ) (-448 0 400 ) (-448 0 1 ) (-280 0 1 ) 
4 51 54 (-456 80 1 ) (-456 0 1 ) (-456 0 400 ) (-456 80 400 ) 
4 52 66 (-832 1024 1 ) (-456 1024 1 ) (-456 637.713989 1 ) (-832 637.713989 1 ) 
4 52 58 (-832 1024 1 ) (-832 637.713989 1 ) (-832 637.713989 400 ) (-832 1024 400 ) 
4 53 59 (-832 615.039978 1 ) (-832 440 1 ) (-832 440 400 ) (-832 615.039978 400 ) 
4 54 93 (-456 0 400 ) (-464 0 400 ) (-464 0 1 ) (-456 0 1 ) 
4 54 55 (-464 80 1 ) (-464 0 1 ) (-464 0 400 ) (-464 80 400 ) 
4 55 100 (-464 0 400 ) (-640 0 400 ) (-640 0 1 ) (-464 0 1 ) 
4 55 56 (-640 432 400 ) (-640 432 1 ) (-640 289 1 ) (-640 289 400 ) 
4 56 57 (-648 432 400 ) (-648 432 1 ) (-648 289 1 ) (-648 289 400 ) 
4 57 102 (-648 0 400 ) (-832 0 400 ) (-832 0 1 ) (-648 0 1 ) 
4 58 130 (-1024 1024 400 ) (-1024 1024 1 ) (-1024 637.713989 1 ) (-1024 637.713989 400 ) 
4 58 66 (-1024 1024 1 ) (-832 1024 1 ) (-832 637.713989 1 ) (-1024 637.713989 1 ) 
4 59 60 (-1016 440 400 ) (-1016 440 1 ) (-840 440 1 ) (-840 440 400 ) 
4 60 61 (-1016 436 1 ) (-840 436 1 ) (-840 436 400 ) (-1016 436 400 ) 
4 61 139 (-1024 436 1 ) (-1024 288 1 ) (-1024 288 400 ) (-1024 436 400 ) 
4 62 64 (-988 72 1 ) (-840 72 1 ) (-840 72 400 ) (-988 72 400 ) 
4 62 63 (-988 280 400 ) (-988 280 1 ) (-988 80 1 ) (-988 80 400 ) 
4 63 139 (-1024 280 1 ) (-1024 80 1 ) (-1024 80 400 ) (-1024 280 400 ) 
4 64 103 (-840 0 400 ) (-988 0 400 ) (-988 0 1 ) (-840 0 1 ) 
4 65 140 (-1024 72 1 ) (-1024 0 1 ) (-1024 0 400 ) (-1024 72 400 ) 
4 65 105 (-996 0 400 ) (-1024 0 400 ) (-1024 0 1 ) (-996 0 1 ) 
4 66 137 (-1024 637.713989 0 ) (-1024 616 0 ) (-1024 616 1 ) (-1024 637.713989 1 ) 
4 66 130 (-1024 1024 1 ) (-1024 1024 0 ) (-1024 637.713989 0 ) (-1024 637.713989 1 ) 
4 66 69 (-1016 616 0 ) (-280 616 0 ) (-280 616 1 ) (-1016 616 1 ) 
4 66 68 (-272 616 0 ) (-81 616 0 ) (-81 616 1 ) (-272 616 1 ) 
4 66 67 (-81 616 0 ) (0 616 0 ) (0 616 1 ) (-81 616 1 ) 
4 67 70 (-81 436 0 ) (0 436 0 ) (0 436 1 ) (-81 436 1 ) 
4 67 68 (-81 616 1 ) (-81 616 0 ) (-81 615 0 ) (-81 615 1 ) 
4 70 125 (-80 0 1 ) (-81 0 1 ) (-81 0 0 ) (-80 0 0 ) 
4 70 122 (-57 0 1 ) (-80 0 1 ) (-80 0 0 ) (-57 0 0 ) 
4 70 121 (-56 0 1 ) (-57 0 1 ) (-57 0 0 ) (-56 0 0 ) 
4 70 119 (0 0 0 ) (0 0 1 ) (-56 0 1 ) (-56 0 0 ) 
4 71 200 (724 -1024 840 ) (0 -1024 840 ) (0 -1024 1 ) (724 -1024 1 ) 
4 71 196 (1024 -1024 1 ) (1024 -1024 840 ) (724 -1024 840 ) (724 -1024 1 ) 
4 71 78 (0 0 400 ) (0 0 1 ) (0 -1024 1 ) (0 -1024 400 ) 
4 71 75 (0 0 458 ) (0 0 400 ) (0 -1024 400 ) (0 -1024 458 ) 
4 71 74 (0 0 840 ) (0 0 458 ) (0 -1024 458 ) (0 -1024 840 ) 
5 71 73 (0 -1024 1 ) (0 -462.975037 1 ) (52.012348 -452 1 ) (932 -452 1 ) (932 -1024 1 ) 
5 71 72 (0 -224.844025 1 ) (0 0 1 ) (1024 0 1 ) (1024 -232 1 ) (52 -232 1 ) 
4 72 119 (0 0 1 ) (0 0 0 ) (0 -224.844025 0 ) (0 -224.844025 1 ) 
4 73 200 (724 -1024 1 ) (0 -1024 1 ) (0 -1024 0 ) (724 -1024 0 ) 
4 73 197 (932 -1024 1 ) (724 -1024 1 ) (724 -1024 0 ) (932 -1024 0 ) 
4 73 120 (0 -462.975098 0 ) (0 -1024 0 ) (0 -1024 1 ) (0 -462.975037 1 ) 
4 74 202 (-57 -1024 840 ) (-1024 -1024 840 ) (-1024 -1024 458 ) (-57 -1024 458 ) 
4 74 201 (0 -1024 458 ) (0 -1024 840 ) (-57 -1024 840 ) (-57 -1024 458 ) 
4 74 159 (-1024 -1024 458 ) (-1024 -1024 840 ) (-1024 0 840 ) (-1024 0 458 ) 
4 74 77 (-57 -1024 458 ) (-1024 -1024 458 ) (-1024 -345 458 ) (-57 -345 458 ) 
4 74 76 (-1024 -344 458 ) (-1024 0 458 ) (-57 0 458 ) (-57 -344 458 ) 
4 74 75 (0 -1024 458 ) (-57 -1024 458 ) (-57 0 458 ) (0 0 458 ) 
4 75 201 (0 -1024 400 ) (0 -1024 458 ) (-57 -1024 458 ) (-57 -1024 400 ) 
4 75 84 (-53 -1024 400 ) (-57 -1024 400 ) (-57 -454 400 ) (-53 -454 400 ) 
4 75 82 (-57 -454 400 ) (-57 -234 400 ) (-53 -234 400 ) (-53 -454 400 ) 
4 75 79 (-57 -234 400 ) (-57 0 400 ) (-53 0 400 ) (-53 -234 400 ) 
4 75 78 (0 0 400 ) (0 -1024 400 ) (-53 -1024 400 ) (-53 0 400 ) 
3 75 77 (-57 -1024 420.368744 ) (-57 -1024 458 ) (-57 -345 458 ) 
3 75 76 (-57 -344 458 ) (-57 0 458 ) (-57 0 437.682281 ) 
3 76 160 (-1024 -344 458 ) (-1024 0 458 ) (-1024 0 437.682281 ) 
4 77 202 (-57 -1024 458 ) (-1024 -1024 458 ) (-1024 -1024 420.368744 ) (-57 -1024 420.368744 ) 
3 77 161 (-1024 -1024 420.368744 ) (-1024 -1024 458 ) (-1024 -345 458 ) 
4 78 204 (0 -1024 1 ) (0 -1024 400 ) (-53 -1024 400 ) (-53 -1024 1 ) 
4 78 120 (0 -1024 1 ) (-53 -1024 1 ) (-53 -474.158508 1 ) (0 -462.975098 1 ) 
4 78 119 (-53 -217.550476 1 ) (-53 0 1 ) (0 0 1 ) (0 -224.844025 1 ) 
4 78 86 (-53 -509 1 ) (-53 -1024 1 ) (-53 -1024 399 ) (-53 -509 399 ) 
4 78 85 (-53 -454 1 ) (-53 -509 1 ) (-53 -509 210 ) (-53 -454 210 ) 
4 78 84 (-53 -1024 399 ) (-53 -1024 400 ) (-53 -454 400 ) (-53 -454 399 ) 
4 78 83 (-53 -234 1 ) (-53 -454 1 ) (-53 -454 210 ) (-53 -234 210 ) 
4 78 82 (-53 -454 399 ) (-53 -454 400 ) (-53 -234 400 ) (-53 -234 399 ) 
4 78 81 (-53 -172 1 ) (-53 -234 1 ) (-53 -234 210 ) (-53 -172 210 ) 
4 78 80 (-53 0 1 ) (-53 -172 1 ) (-53 -172 399 ) (-53 0 399 ) 
4 78 79 (-53 -234 399 ) (-53 -234 400 ) (-53 0 400 ) (-53 0 399 ) 
4 79 82 (-56.881302 -234 399 ) (-53 -234 399 ) (-53 -234 400 ) (-56.881302 -234 400 ) 
4 79 80 (-56.881302 -172 399 ) (-56.881302 0 399 ) (-53 0 399 ) (-53 -172 399 ) 
4 80 121 (-56.881302 0 1 ) (-56 0 1 ) (-56 -172 1 ) (-56.881302 -172 1 ) 
4 80 119 (-56 0 1 ) (-53 0 1 ) (-53 -172 1 ) (-56 -172 1 ) 
4 80 81 (-53 -172 1 ) (-53 -172 210 ) (-56.881302 -172 210 ) (-56.881302 -172 1 ) 
4 81 121 (-56.881302 -172 1 ) (-56 -172 1 ) (-56 -217.137604 1 ) (-56.881302 -217.016327 1 ) 
4 81 119 (-56 -172 1 ) (-53 -172 1 ) (-53 -217.550461 1 ) (-56 -217.137604 1 ) 
4 81 83 (-56 -234 1 ) (-53 -234 1 ) (-53 -234 210 ) (-56 -234 210 ) 
4 82 84 (-56.881302 -454 399 ) (-53 -454 399 ) (-53 -454 400 ) (-56.881302 -454 400 ) 
4 83 85 (-56 -454 1 ) (-53 -454 1 ) (-53 -454 210 ) (-56 -454 210 ) 
4 84 204 (-53 -1024 400 ) (-56.881302 -1024 400 ) (-56.881302 -1024 399 ) (-53 -1024 399 ) 
4 84 86 (-53 -509 399 ) (-53 -1024 399 ) (-56.881302 -1024 399 ) (-56.881302 -509 399 ) 
4 85 123 (-56 -474.791595 1 ) (-56 -509 1 ) (-56.881302 -509 1 ) (-56.881302 -474.977539 1 ) 
4 85 120 (-53 -474.158569 1 ) (-53 -509 1 ) (-56 -509 1 ) (-56 -474.791595 1 ) 
4 85 86 (-53 -509 1 ) (-53 -509 210 ) (-56.881302 -509 210 ) (-56.881302 -509 1 ) 
4 86 204 (-56.881302 -1024 1 ) (-53 -1024 1 ) (-53 -1024 399 ) (-56.881302 -1024 399 ) 
4 86 123 (-56 -1024 1 ) (-56.881302 -1024 1 ) (-56.881302 -509 1 ) (-56 -509 1 ) 
4 86 120 (-53 -1024 1 ) (-56 -1024 1 ) (-56 -509 1 ) (-53 -509 1 ) 
4 87 88 (-272 -234 400 ) (-272 -234 1 ) (-81.015099 -234 1 ) (-81.015099 -234 400 ) 
4 88 91 (-272 -280 1 ) (-272 -448 1 ) (-272 -448 400 ) (-272 -280 400 ) 
4 89 98 (-272 -800 1 ) (-272 -972 1 ) (-272 -972 400 ) (-272 -800 400 ) 
4 89 91 (-272 -456 1 ) (-272 -620 1 ) (-272 -620 400 ) (-272 -456 400 ) 
4 90 208 (-81.015099 -1024 400 ) (-272 -1024 400 ) (-272 -1024 1 ) (-81.015099 -1024 1 ) 
4 91 95 (-280 -280 1 ) (-280 -620 1 ) (-280 -620 400 ) (-280 -280 400 ) 
4 92 93 (-448 0 1 ) (-448 -88 1 ) (-448 -88 400 ) (-448 0 400 ) 
4 92 94 (-448 -96 1 ) (-448 -272 1 ) (-448 -272 400 ) (-448 -96 400 ) 
4 93 100 (-464 0 1 ) (-464 -88 1 ) (-464 -88 400 ) (-464 0 400 ) 
4 94 101 (-464 -96 1 ) (-464 -272 1 ) (-464 -272 400 ) (-464 -96 400 ) 
4 96 97 (-456 -628 1 ) (-456 -792 1 ) (-456 -792 400 ) (-456 -628 400 ) 
4 97 110 (-464 -628 1 ) (-464 -792 1 ) (-464 -792 400 ) (-464 -628 400 ) 
4 98 99 (-280 -800 400 ) (-280 -800 1 ) (-280 -973 1 ) (-280 -973 400 ) 
4 99 211 (-280 -1024 400 ) (-456 -1024 400 ) (-456 -1024 1 ) (-280 -1024 1 ) 
4 101 107 (-640 -432 1 ) (-464 -432 1 ) (-464 -432 400 ) (-640 -432 400 ) 
4 102 106 (-832 -280 1 ) (-832 -432 1 ) (-832 -432 400 ) (-832 -280 400 ) 
4 103 104 (-988 -100 1 ) (-988 -272 1 ) (-988 -272 400 ) (-988 -100 400 ) 
4 104 105 (-996 -100 1 ) (-996 -272 1 ) (-996 -272 400 ) (-996 -100 400 ) 
4 105 162 (-1024 -272 400 ) (-1024 0 400 ) (-1024 0 1 ) (-1024 -272 1 ) 
4 106 163 (-1024 -432 400 ) (-1024 -280 400 ) (-1024 -280 1 ) (-1024 -432 1 ) 
4 107 108 (-640 -440 1 ) (-464 -440 1 ) (-464 -440 400 ) (-640 -440 400 ) 
4 108 109 (-648 -440 400 ) (-648 -440 1 ) (-648 -620 1 ) (-648 -620 400 ) 
4 109 114 (-656 -616 1 ) (-656 -628 1 ) (-656 -628 400 ) (-656 -616 400 ) 
4 109 113 (-656 -440 400 ) (-656 -440 1 ) (-656 -616 1 ) (-656 -616 400 ) 
4 109 110 (-656 -628 400 ) (-656 -628 1 ) (-648 -628 1 ) (-648 -628 400 ) 
4 110 114 (-656 -628 1 ) (-656 -792 1 ) (-656 -792 400 ) (-656 -628 400 ) 
4 111 213 (-464 -1024 400 ) (-648 -1024 400 ) (-648 -1024 1 ) (-464 -1024 1 ) 
4 111 112 (-648 -800 400 ) (-648 -800 1 ) (-648 -964 1 ) (-648 -964 400 ) 
4 112 115 (-656 -800 1 ) (-656 -964 1 ) (-656 -964 400 ) (-656 -800 400 ) 
4 113 114 (-840 -616 1 ) (-656 -616 1 ) (-656 -616 400 ) (-840 -616 400 ) 
4 113 117 (-848 -440 400 ) (-848 -440 1 ) (-848 -616 1 ) (-848 -616 400 ) 
4 115 116 (-840 -976 1 ) (-656 -976 1 ) (-656 -976 400 ) (-840 -976 400 ) 
4 116 215 (-656 -1024 400 ) (-848 -1024 400 ) (-848 -1024 1 ) (-656 -1024 1 ) 
4 116 117 (-848 -976 1 ) (-848 -1024 1 ) (-848 -1024 400 ) (-848 -976 400 ) 
4 117 215 (-848 -1024 400 ) (-1020 -1024 400 ) (-1020 -1024 1 ) (-848 -1024 1 ) 
4 117 118 (-1020 -616 1 ) (-1020 -1024 1 ) (-1020 -1024 400 ) (-1020 -616 400 ) 
4 118 215 (-1020 -1024 400 ) (-1024 -1024 400 ) (-1024 -1024 1 ) (-1020 -1024 1 ) 
4 118 169 (-1024 -1024 1 ) (-1024 -1024 400 ) (-1024 -616 400 ) (-1024 -616 1 ) 
4 119 121 (-56 0 0 ) (-56 -217.137604 0 ) (-56 -217.137573 1 ) (-56 0 1 ) 
4 120 204 (0 -1024 0 ) (0 -1024 1 ) (-56 -1024 1 ) (-56 -1024 0 ) 
4 120 123 (-56 -474.791626 0 ) (-56 -1024 0 ) (-56 -1024 1 ) (-56 -474.791565 1 ) 
4 121 122 (-57 0 0 ) (-57 -217 0 ) (-57 -217 1 ) (-57 0 1 ) 
4 122 125 (-80 0 0 ) (-80 -234 0 ) (-80 -234 1 ) (-80 0 1 ) 
4 123 204 (-56 -1024 1 ) (-57 -1024 1 ) (-57 -1024 0 ) (-56 -1024 0 ) 
4 123 124 (-57 -475.002594 0 ) (-57 -1024 0 ) (-57 -1024 1 ) (-57 -475.002563 1 ) 
4 124 217 (-57 -1024 1 ) (-80 -1024 1 ) (-80 -1024 0 ) (-57 -1024 0 ) 
4 124 127 (-80 -980 0 ) (-80 -1024 0 ) (-80 -1024 1 ) (-80 -980 1 ) 
4 124 126 (-80 -456 0 ) (-80 -972 0 ) (-80 -972 1 ) (-80 -456 1 ) 
4 127 217 (-80 -1024 1 ) (-81 -1024 1 ) (-81 -1024 0 ) (-80 -1024 0 ) 
4 128 184 (-1396 0 458 ) (-1396 0 437.682251 ) (-1372 0 437.682251 ) (-1372 0 458 ) 
4 128 183 (-1372 0 840 ) (-1396 0 840 ) (-1396 0 458 ) (-1372 0 458 ) 
4 128 174 (-1371 0 840 ) (-1372 0 840 ) (-1372 0 437.682251 ) (-1371 0 437.682251 ) 
4 128 160 (-1024 0 437.682251 ) (-1024 0 458 ) (-1371 0 458 ) (-1371 0 437.682251 ) 
4 128 159 (-1024 0 458 ) (-1024 0 840 ) (-1371 0 840 ) (-1371 0 458 ) 
4 128 130 (-1396 638 400 ) (-1396 1024 400 ) (-1024 1024 400 ) (-1024 638 400 ) 
5 128 129 (-1396 1024 400 ) (-1396 638 400 ) (-1396 0 437.682251 ) (-1396 0 840 ) (-1396 1024 840 ) 
4 129 186 (-1529.540039 0 458 ) (-1529.540039 0 400 ) (-1396 0 400 ) (-1396 0 458 ) 
4 129 183 (-1396 0 840 ) (-1529.540039 0 840 ) (-1529.540039 0 458 ) (-1396 0 458 ) 
4 129 158 (-1396.300171 0 400 ) (-1529.540039 0 400 ) (-1529.540039 1024 400 ) (-1396.300171 1024 400 ) 
4 129 156 (-1396 0 400 ) (-1396.300171 0 400 ) (-1396.300171 586.697021 400 ) (-1396 586.697021 400 ) 
4 129 136 (-1396.300171 598.034790 400 ) (-1396.300171 602.300415 400 ) (-1396 602.723145 400 ) (-1396 598.882874 400 ) 
4 129 135 (-1396.300171 602.300415 400 ) (-1396.300171 615.039978 400 ) (-1396 615.039978 400 ) (-1396 602.723145 400 ) 
4 129 132 (-1396.300171 615.039978 400 ) (-1396.300171 624.490540 400 ) (-1396 624.584534 400 ) (-1396 615.039978 400 ) 
4 129 131 (-1396.300171 624.490540 400 ) (-1396.300171 637.713989 400 ) (-1396 637.713989 400 ) (-1396 624.584534 400 ) 
4 129 130 (-1396.300171 637.713989 400 ) (-1396.300171 1024 400 ) (-1396 1024 400 ) (-1396 637.713989 400 ) 
4 130 158 (-1396.300171 637.713989 400 ) (-1396.300171 1024 400 ) (-1396.300171 1024 0 ) (-1396.300171 637.713989 0 ) 
4 130 137 (-1372 637.713989 0 ) (-1024 637.713989 0 ) (-1024 637.713989 1 ) (-1372 637.713989 1 ) 
4 130 138 (-1396.300171 637.713989 1 ) (-1396.300171 637.713989 0 ) (-1372 637.713989 0 ) (-1372 637.713989 1 ) 
4 130 131 (-1396.300171 637.713989 400 ) (-1396.300171 637.713989 1 ) (-1354.073364 637.713989 1 ) (-1354.073486 637.713989 400 ) 
4 131 158 (-1396.300171 624.490540 400 ) (-1396.300171 637.713989 400 ) (-1396.300171 637.713989 1 ) (-1396.300171 624.490540 1 ) 
3 131 137 (-1372 637.713989 1 ) (-1354.073364 637.713989 1 ) (-1372 632.100220 1 ) 
4 131 138 (-1396.300171 624.490540 1 ) (-1396.300171 637.713989 1 ) (-1372 637.713989 1 ) (-1372 632.100220 1 ) 
4 131 133 (-1376.052612 630.830383 1 ) (-1363.119141 634.880493 1 ) (-1363.119141 634.880493 400 ) (-1376.052612 630.830383 400 ) 
4 131 132 (-1396.300171 624.489807 400 ) (-1396.300171 624.489807 1 ) (-1376.052612 630.830383 1 ) (-1376.052612 630.830383 400 ) 
4 132 158 (-1396.300171 615.039978 400 ) (-1396.300171 624.490540 400 ) (-1396.300171 624.490540 1 ) (-1396.300171 615.039978 1 ) 
4 132 138 (-1396.300171 615.039978 1 ) (-1396.300171 624.490540 1 ) (-1376.051880 630.831360 1 ) (-1387.250610 615.039978 1 ) 
4 132 135 (-1396.300171 615.039978 400 ) (-1396.300171 615.039978 1 ) (-1387.250610 615.039978 1 ) (-1387.250610 615.039978 400 ) 
4 132 133 (-1381.225586 623.540344 1 ) (-1376.055542 630.830933 1 ) (-1376.055542 630.830933 400 ) (-1381.225586 623.540344 400 ) 
3 133 137 (-1372 632.100220 1 ) (-1363.116577 634.882080 1 ) (-1372 629.318359 1 ) 
4 133 138 (-1376.051880 630.831360 1 ) (-1372 632.100220 1 ) (-1372 629.318359 1 ) (-1381.219849 623.543945 1 ) 
4 134 145 (-1372.170166 586.697021 1 ) (-1184 586.697021 1 ) (-1184 586.697021 400 ) (-1372.170166 586.697021 400 ) 
4 134 142 (-1184 586.697021 1 ) (-1180 586.697021 1 ) (-1180 586.697021 400 ) (-1184 586.697021 400 ) 
4 134 141 (-1180 586.697021 1 ) (-1176 586.697021 1 ) (-1176 586.697021 400 ) (-1180 586.697021 400 ) 
4 134 139 (-1176 586.697021 1 ) (-1024 586.697021 1 ) (-1024 586.697021 400 ) (-1176 586.697021 400 ) 
4 134 138 (-1372 586.697021 1 ) (-1372.170166 586.697021 1 ) (-1372.170166 592.365784 1 ) (-1372 592.685181 1 ) 
4 135 158 (-1396.300171 602.300415 400 ) (-1396.300171 615.039978 400 ) (-1396.300171 615.039978 1 ) (-1396.300171 602.300415 1 ) 
3 135 138 (-1396.300171 602.300415 1 ) (-1396.300171 615.039978 1 ) (-1387.250732 615.039978 1 ) 
4 135 136 (-1396.300171 602.306091 400 ) (-1396.300171 602.306091 1 ) (-1393.286865 606.547058 1 ) (-1393.286865 606.547119 400 ) 
4 136 158 (-1396.300171 598.034790 400 ) (-1396.300171 602.300415 400 ) (-1396.300171 602.300415 1 ) (-1396.300171 598.034790 1 ) 
3 136 138 (-1396.300171 598.034790 1 ) (-1396.300171 602.300415 1 ) (-1393.290039 606.537964 1 ) 
4 137 138 (-1372 637.713989 0 ) (-1372 615 0 ) (-1372 615 1 ) (-1372 637.713989 1 ) 
4 138 158 (-1396.300171 637.713989 1 ) (-1396.300171 637.713989 0 ) (-1396.300171 586.697021 0 ) (-1396.300171 586.697021 1 ) 
4 138 157 (-1396.300171 586.697021 1 ) (-1396.300171 586.697021 0 ) (-1376 586.697021 0 ) (-1376 586.697021 1 ) 
4 138 152 (-1373 586.697021 0 ) (-1372 586.697021 0 ) (-1372 586.697021 1 ) (-1373 586.697021 1 ) 
4 138 153 (-1376 586.697021 0 ) (-1373 586.697021 0 ) (-1373 586.697021 1 ) (-1376 586.697021 1 ) 
4 139 143 (-1176 436 1 ) (-1176 252 1 ) (-1176 252 400 ) (-1176 436 400 ) 
4 139 141 (-1176 586.697021 400 ) (-1176 586.697021 1 ) (-1176 436 1 ) (-1176 436 400 ) 
4 140 164 (-1028 0 400 ) (-1176 0 400 ) (-1176 0 1 ) (-1028 0 1 ) 
4 140 162 (-1024 0 1 ) (-1024 0 400 ) (-1028 0 400 ) (-1028 0 1 ) 
4 140 144 (-1176 0 1 ) (-1176 0 400 ) (-1176 72 400 ) (-1176 72 1 ) 
4 141 143 (-1176 436 1 ) (-1176 436 400 ) (-1180 436 400 ) (-1180 436 1 ) 
4 141 142 (-1180 586.697021 400 ) (-1180 586.697021 1 ) (-1180 444 1 ) (-1180 444 400 ) 
4 142 145 (-1184 586.697021 400 ) (-1184 586.697021 1 ) (-1184 444 1 ) (-1184 444 400 ) 
4 143 148 (-1184 252 400 ) (-1184 436 400 ) (-1184 436 1 ) (-1184 252 1 ) 
4 144 164 (-1176 0 1 ) (-1176 0 400 ) (-1184 0 400 ) (-1184 0 1 ) 
4 144 149 (-1184 0 1 ) (-1184 0 400 ) (-1184 72 400 ) (-1184 72 1 ) 
4 145 146 (-1372.170166 586.697021 400 ) (-1372.170166 586.697021 399.743011 ) (-1372.170166 444 399.743011 ) (-1372.170166 444 400 ) 
4 146 156 (-1376 586.697021 400 ) (-1376 586.697021 399.743011 ) (-1376 444 399.743011 ) (-1376 444 400 ) 
4 146 147 (-1376 444 400 ) (-1376 444 399.743011 ) (-1373 444 399.743011 ) (-1373 444 400 ) 
4 147 156 (-1376 436 399.743011 ) (-1376 436 400 ) (-1376 444 400 ) (-1376 444 399.743011 ) 
4 147 150 (-1376 436 400 ) (-1376 436 399.743011 ) (-1373 436 399.743011 ) (-1373 436 400 ) 
4 148 150 (-1372.170166 436 400 ) (-1372.170166 436 399.743011 ) (-1372.170166 80 399.743011 ) (-1372.170166 80 400 ) 
4 149 175 (-1371 0 400 ) (-1372.170166 0 400 ) (-1372.170166 0 1 ) (-1371 0 1 ) 
4 149 164 (-1184 0 1 ) (-1184 0 400 ) (-1220 0 400 ) (-1220 0 1 ) 
4 149 167 (-1220 0 400 ) (-1371 0 400 ) (-1371 0 1 ) (-1220 0 1 ) 
4 149 151 (-1372.170166 0 399.743011 ) (-1372.170166 0 400 ) (-1372.170166 72 400 ) (-1372.170166 72 399.743011 ) 
4 150 156 (-1376 80 399.743011 ) (-1376 80 400 ) (-1376 436 400 ) (-1376 436 399.743011 ) 
4 151 193 (-1374 0 400 ) (-1376 0 400 ) (-1376 0 399.743011 ) (-1374 0 399.743011 ) 
4 151 188 (-1372.170166 0 400 ) (-1374 0 400 ) (-1374 0 399.743011 ) (-1372.170166 0 399.743011 ) 
4 151 156 (-1376 0 399.743011 ) (-1376 0 400 ) (-1376 72 400 ) (-1376 72 399.743011 ) 
4 152 153 (-1373 586.697021 0 ) (-1373 444 0 ) (-1373 444 1 ) (-1373 586.697021 1 ) 
4 153 157 (-1376 586.697021 1 ) (-1376 586.697021 0 ) (-1376 436 0 ) (-1376 436 1 ) 
4 153 154 (-1373 436 1 ) (-1376 436 1 ) (-1376 436 0 ) (-1373 436 0 ) 
4 154 157 (-1376 436 0 ) (-1376 80 0 ) (-1376 80 1 ) (-1376 436 1 ) 
4 155 194 (-1374 0 1 ) (-1376 0 1 ) (-1376 0 0 ) (-1374 0 0 ) 
4 155 191 (-1372 0 1 ) (-1374 0 1 ) (-1374 0 0 ) (-1372 0 0 ) 
4 155 157 (-1376 72 0 ) (-1376 0 0 ) (-1376 0 1 ) (-1376 72 1 ) 
4 156 193 (-1376 0 400 ) (-1396.300171 0 400 ) (-1396.300171 0 399.743011 ) (-1376 0 399.743011 ) 
4 156 158 (-1396.300171 0 400 ) (-1396.300171 586.697021 400 ) (-1396.300171 586.697021 399.743011 ) (-1396.300171 0 399.743011 ) 
4 157 194 (-1396.300171 0 1 ) (-1396.300171 0 0 ) (-1376 0 0 ) (-1376 0 1 ) 
4 157 158 (-1396.300171 586.697021 1 ) (-1396.300171 586.697021 0 ) (-1396.300171 0 0 ) (-1396.300171 0 1 ) 
4 158 195 (-1396.300171 0 0 ) (-1396.300171 0 400 ) (-1529.540039 0 400 ) (-1529.540039 0 0 ) 
4 159 222 (-1024 -1024 458 ) (-1024 -1024 840 ) (-1371 -1024 840 ) (-1371 -1024 458 ) 
4 159 176 (-1371 -1024 458 ) (-1371 -1024 840 ) (-1371 -279 840 ) (-1371 -279 458 ) 
4 159 174 (-1371 -279 840 ) (-1371 0 840 ) (-1371 0 458 ) (-1371 -279 458 ) 
4 159 161 (-1371 -1024 458 ) (-1371 -345 458 ) (-1024 -345 458 ) (-1024 -1024 458 ) 
4 159 160 (-1371 -344 458 ) (-1371 0 458 ) (-1024 0 458 ) (-1024 -344 458 ) 
3 160 177 (-1371 -344 458 ) (-1371 -279 458 ) (-1371 -279 454.160889 ) 
4 160 174 (-1371 -279 458 ) (-1371 0 458 ) (-1371 0 437.682281 ) (-1371 -279 454.160889 ) 
4 161 222 (-1024 -1024 420.368744 ) (-1024 -1024 458 ) (-1371 -1024 458 ) (-1371 -1024 420.368744 ) 
3 161 178 (-1371 -1024 420.368744 ) (-1371 -1024 458 ) (-1371 -345 458 ) 
4 162 165 (-1028 -96 1 ) (-1028 -272 1 ) (-1028 -272 400 ) (-1028 -96 400 ) 
4 162 164 (-1028 0 1 ) (-1028 -96 1 ) (-1028 -96 400 ) (-1028 0 400 ) 
4 163 166 (-1028 -280 1 ) (-1028 -432 1 ) (-1028 -432 400 ) (-1028 -280 400 ) 
4 164 165 (-1212 -96 1 ) (-1028 -96 1 ) (-1028 -96 400 ) (-1212 -96 400 ) 
4 164 167 (-1220 0 1 ) (-1220 -96 1 ) (-1220 -96 400 ) (-1220 0 400 ) 
4 166 172 (-1212 -448 1 ) (-1204 -448 1 ) (-1204 -448 400 ) (-1212 -448 400 ) 
4 166 168 (-1204 -448 1 ) (-1028 -448 1 ) (-1028 -448 400 ) (-1204 -448 400 ) 
4 167 181 (-1371 -279 399 ) (-1371 -279 1 ) (-1371 -448 1 ) (-1371 -448 399 ) 
4 167 179 (-1371 -448 400 ) (-1371 -279 400 ) (-1371 -279 399 ) (-1371 -448 399 ) 
4 167 175 (-1371 -279 400 ) (-1371 0 400 ) (-1371 0 1 ) (-1371 -279 1 ) 
4 168 172 (-1204 -448 400 ) (-1204 -448 1 ) (-1204 -604 1 ) (-1204 -604 400 ) 
4 169 225 (-1024 -1024 1 ) (-1024 -1024 400 ) (-1032 -1024 400 ) (-1032 -1024 1 ) 
4 169 170 (-1032 -616 400 ) (-1032 -616 1 ) (-1032 -789 1 ) (-1032 -789 400 ) 
4 170 171 (-1040 -616 400 ) (-1040 -616 1 ) (-1040 -789 1 ) (-1040 -789 400 ) 
4 171 228 (-1040 -1024 400 ) (-1204 -1024 400 ) (-1204 -1024 1 ) (-1040 -1024 1 ) 
4 172 173 (-1212 -456 1 ) (-1212 -604 1 ) (-1212 -604 400 ) (-1212 -456 400 ) 
4 173 229 (-1212 -1024 400 ) (-1371 -1024 400 ) (-1371 -1024 1 ) (-1212 -1024 1 ) 
4 173 182 (-1371 -1024 1 ) (-1371 -1024 399 ) (-1371 -456 399 ) (-1371 -456 1 ) 
4 173 180 (-1371 -1024 399 ) (-1371 -1024 400 ) (-1371 -456 400 ) (-1371 -456 399 ) 
4 174 184 (-1372 0 458 ) (-1372 0 437.682251 ) (-1372 -279 454.160889 ) (-1372 -279 458 ) 
4 174 183 (-1372 0 840 ) (-1372 0 458 ) (-1372 -279 458 ) (-1372 -279 840 ) 
4 174 177 (-1372 -279 458 ) (-1372 -279 454.160858 ) (-1371 -279 454.160889 ) (-1371 -279 458 ) 
4 174 176 (-1372 -279 840 ) (-1372 -279 458 ) (-1371 -279 458 ) (-1371 -279 840 ) 
4 175 187 (-1372 0 400 ) (-1372 0 1 ) (-1372 -279 1 ) (-1372 -279 400 ) 
4 175 181 (-1372 -279 399 ) (-1372 -279 1 ) (-1371 -279 1 ) (-1371 -279 399 ) 
4 175 179 (-1372 -279 400 ) (-1372 -279 399 ) (-1371 -279 399 ) (-1371 -279 400 ) 
4 176 222 (-1371 -1024 458 ) (-1371 -1024 840 ) (-1372 -1024 840 ) (-1372 -1024 458 ) 
4 176 183 (-1372 -1024 458 ) (-1372 -1024 840 ) (-1372 -279 840 ) (-1372 -279 458 ) 
4 176 178 (-1372 -1024 458 ) (-1372 -345 458 ) (-1371 -345 458 ) (-1371 -1024 458 ) 
4 176 177 (-1372 -344 458 ) (-1372 -279 458 ) (-1371 -279 458 ) (-1371 -344 458 ) 
3 177 184 (-1372 -344 458 ) (-1372 -279 458 ) (-1372 -279 454.160889 ) 
4 178 222 (-1371 -1024 420.368744 ) (-1371 -1024 458 ) (-1372 -1024 458 ) (-1372 -1024 420.368744 ) 
3 178 185 (-1372 -1024 420.368744 ) (-1372 -1024 458 ) (-1372 -345 458 ) 
4 179 187 (-1372 -448 400 ) (-1372 -279 400 ) (-1372 -279 399 ) (-1372 -448 399 ) 
4 179 181 (-1372 -448 399 ) (-1372 -279 399 ) (-1371 -279 399 ) (-1371 -448 399 ) 
4 180 229 (-1371 -1024 399 ) (-1371 -1024 400 ) (-1372 -1024 400 ) (-1372 -1024 399 ) 
4 180 189 (-1372 -1024 399 ) (-1372 -1024 400 ) (-1372 -456 400 ) (-1372 -456 399 ) 
4 180 182 (-1372 -1024 399 ) (-1372 -456 399 ) (-1371 -456 399 ) (-1371 -1024 399 ) 
4 181 187 (-1372 -448 1 ) (-1372 -448 399 ) (-1372 -279 399 ) (-1372 -279 1 ) 
4 182 229 (-1371 -1024 1 ) (-1371 -1024 399 ) (-1372 -1024 399 ) (-1372 -1024 1 ) 
4 182 189 (-1372 -1024 1 ) (-1372 -1024 399 ) (-1372 -456 399 ) (-1372 -456 1 ) 
4 183 222 (-1372 -1024 458 ) (-1372 -1024 840 ) (-1396 -1024 840 ) (-1396 -1024 458 ) 
4 183 224 (-1396 -1024 840 ) (-1529.540039 -1024 840 ) (-1529.540039 -1024 458 ) (-1396 -1024 458 ) 
4 183 185 (-1372 -345 458 ) (-1372 -1024 458 ) (-1396 -1024 458 ) (-1396 -345 458 ) 
4 183 184 (-1396 0 458 ) (-1372 0 458 ) (-1372 -344 458 ) (-1396 -344 458 ) 
4 183 186 (-1529.540039 -1024 458 ) (-1529.540039 0 458 ) (-1396 0 458 ) (-1396 -1024 458 ) 
3 184 186 (-1396 -344 458 ) (-1396 0 458 ) (-1396 0 437.682281 ) 
4 185 222 (-1372 -1024 420.368744 ) (-1372 -1024 458 ) (-1396 -1024 458 ) (-1396 -1024 420.368744 ) 
3 185 186 (-1396 -1024 420.368744 ) (-1396 -1024 458 ) (-1396 -345 458 ) 
4 186 224 (-1396 -1024 458 ) (-1529.540039 -1024 458 ) (-1529.540039 -1024 400 ) (-1396 -1024 400 ) 
4 186 193 (-1396.300171 0 400 ) (-1396 0 400 ) (-1396 -1024 400 ) (-1396.300171 -1024 400 ) 
4 186 195 (-1529.540039 -1024 400 ) (-1529.540039 0 400 ) (-1396.300171 0 400 ) (-1396.300171 -1024 400 ) 
4 187 188 (-1372.170166 -448 399.743011 ) (-1372.170166 -448 400 ) (-1372.170166 0 400 ) (-1372.170166 0 399.743011 ) 
4 188 193 (-1374 -448 400 ) (-1374 0 400 ) (-1374 0 399.743011 ) (-1374 -448 399.743011 ) 
4 189 190 (-1372.170166 -456 400 ) (-1372.170166 -456 399.743011 ) (-1372.170166 -1024 399.743011 ) (-1372.170166 -1024 400 ) 
4 190 232 (-1372 -1024 399.743011 ) (-1372 -1024 400 ) (-1374 -1024 400 ) (-1374 -1024 399.743011 ) 
4 190 193 (-1374 -1024 399.743011 ) (-1374 -1024 400 ) (-1374 -456 400 ) (-1374 -456 399.743011 ) 
4 191 194 (-1374 0 0 ) (-1374 -448 0 ) (-1374 -448 1 ) (-1374 0 1 ) 
4 192 242 (-1372 -1024 0 ) (-1372 -1024 1 ) (-1374 -1024 1 ) (-1374 -1024 0 ) 
4 192 194 (-1374 -456 0 ) (-1374 -1024 0 ) (-1374 -1024 1 ) (-1374 -456 1 ) 
4 193 232 (-1374 -1024 400 ) (-1396.300171 -1024 400 ) (-1396.300171 -1024 399.743011 ) (-1374 -1024 399.743011 ) 
4 193 195 (-1396.300171 -1024 399.743011 ) (-1396.300171 -1024 400 ) (-1396.300171 0 400 ) (-1396.300171 0 399.743011 ) 
4 194 242 (-1396.300171 -1024 1 ) (-1396.300171 -1024 0 ) (-1374 -1024 0 ) (-1374 -1024 1 ) 
4 194 195 (-1396.300171 0 0 ) (-1396.300171 -1024 0 ) (-1396.300171 -1024 1 ) (-1396.300171 0 1 ) 
4 195 242 (-1529.540039 -1024 1 ) (-1529.540039 -1024 0 ) (-1396.300171 -1024 0 ) (-1396.300171 -1024 1 ) 
4 195 233 (-1396.300171 -1024 400 ) (-1529.540039 -1024 400 ) (-1529.540039 -1024 1 ) (-1396.300171 -1024 1 ) 
4 196 200 (724 -1332 1 ) (724 -1332 840 ) (724 -1024 840 ) (724 -1024 1 ) 
4 196 198 (724 -1332 840 ) (724 -1332 1 ) (1024 -1332 1 ) (1024 -1332 840 ) 
4 196 197 (932 -1332 1 ) (724 -1332 1 ) (724 -1024 1 ) (932 -1024 1 ) 
4 197 200 (724 -1332 0 ) (724 -1332 1 ) (724 -1024 1 ) (724 -1024 0 ) 
4 198 200 (724 -1616 1 ) (724 -1616 840 ) (724 -1332 840 ) (724 -1332 1 ) 
4 198 199 (1024 -1616 840 ) (724 -1616 840 ) (724 -1616 1 ) (1024 -1616 1 ) 
4 199 200 (724 -1909.610107 0 ) (724 -1909.610107 840 ) (724 -1616 840 ) (724 -1616 0 ) 
4 200 204 (0 -1024 400 ) (0 -1024 0 ) (0 -1909.610107 0 ) (0 -1909.610107 400 ) 
4 200 203 (0 -1346 400 ) (0 -1909.610107 400 ) (0 -1909.610107 840 ) (0 -1346 840 ) 
4 200 201 (0 -1024 840 ) (0 -1024 400 ) (0 -1346 400 ) (0 -1346 840 ) 
4 201 204 (-57 -1024 400 ) (0 -1024 400 ) (0 -1346 400 ) (-57 -1346 400 ) 
4 201 203 (-57 -1346 400 ) (0 -1346 400 ) (0 -1346 840 ) (-57 -1346 840 ) 
4 201 202 (-57 -1346 402.523010 ) (-57 -1346 840 ) (-57 -1024 840 ) (-57 -1024 420.368744 ) 
4 202 222 (-1024 -1024 840 ) (-1024 -1024 420.368744 ) (-1024 -1346 402.523010 ) (-1024 -1346 840 ) 
4 202 203 (-57 -1346 402.523010 ) (-57 -1346 840 ) (-1024 -1346 840 ) (-1024 -1346 402.523010 ) 
4 203 223 (-1024 -1346 400 ) (-1024 -1909.610107 400 ) (-1024 -1909.610107 840 ) (-1024 -1346 840 ) 
4 203 221 (-56.881302 -1909.610107 400 ) (-1024 -1909.610107 400 ) (-1024 -1346.286743 400 ) (-56.881302 -1346.286743 400 ) 
4 203 209 (-98.220123 -1346 400 ) (-81.015099 -1346 400 ) (-81.015099 -1346.286743 400 ) (-99.136688 -1346.286743 400 ) 
4 203 205 (-81.015099 -1346 400 ) (-56.881302 -1346 400 ) (-56.881302 -1346.286743 400 ) (-81.015099 -1346.286743 400 ) 
4 203 204 (0 -1346 400 ) (0 -1909.610107 400 ) (-56.881302 -1909.610107 400 ) (-56.881302 -1346 400 ) 
4 204 221 (-56.881302 -1346.286743 0 ) (-56.881302 -1909.610107 0 ) (-56.881302 -1909.610107 400 ) (-56.881302 -1346.286743 400 ) 
4 204 217 (-56.881302 -1024 0 ) (-56.881302 -1324 0 ) (-56.881302 -1324 1 ) (-56.881302 -1024 1 ) 
4 204 219 (-56.881302 -1324 0 ) (-56.881302 -1346.286743 0 ) (-56.881302 -1346.286743 1 ) (-56.881302 -1324 1 ) 
4 204 207 (-56.881302 -1310.859863 400 ) (-56.881302 -1306.599365 400 ) (-56.881302 -1306.599365 1 ) (-56.881302 -1310.859863 1 ) 
4 204 206 (-56.881302 -1322.659668 400 ) (-56.881302 -1310.859863 400 ) (-56.881302 -1310.859863 1 ) (-56.881302 -1322.659668 1 ) 
4 204 205 (-56.881302 -1346.286743 1 ) (-56.881302 -1346.286743 400 ) (-56.881302 -1322.659668 400 ) (-56.881302 -1322.659668 1 ) 
4 205 221 (-56.881302 -1346.286743 1 ) (-56.881302 -1346.286743 400 ) (-81.015099 -1346.286743 400 ) (-81.015099 -1346.286743 1 ) 
3 205 217 (-59.020641 -1324 1 ) (-56.881302 -1322.659668 1 ) (-56.881302 -1324 1 ) 
5 205 219 (-56.881302 -1346.286743 1 ) (-81.015099 -1346.286743 1 ) (-81.015099 -1337.779907 1 ) (-59.020641 -1324 1 ) (-56.881302 -1324 1 ) 
4 205 210 (-81.015099 -1337.779907 1 ) (-81.015099 -1340.619873 1 ) (-81.015099 -1340.619873 400 ) (-81.015099 -1337.779907 400 ) 
4 205 209 (-81.015099 -1340.619873 1 ) (-81.015099 -1346.286743 1 ) (-81.015099 -1346.286743 400 ) (-81.015099 -1340.619873 400 ) 
4 205 206 (-56.881302 -1322.660156 400 ) (-56.881302 -1322.660156 1 ) (-71.966339 -1332.111694 1 ) (-71.966339 -1332.111694 400 ) 
4 206 217 (-56.881302 -1310.859863 1 ) (-56.881302 -1322.659668 1 ) (-59.020649 -1324 1 ) (-66.208496 -1324 1 ) 
3 206 219 (-59.020649 -1324 1 ) (-71.965073 -1332.109863 1 ) (-66.208496 -1324 1 ) 
4 206 207 (-56.881302 -1310.859375 400 ) (-56.881302 -1310.859375 1 ) (-59.897820 -1315.108887 1 ) (-59.897827 -1315.109009 400 ) 
3 207 217 (-56.881302 -1306.599365 1 ) (-56.881302 -1310.859863 1 ) (-59.898277 -1315.110229 1 ) 
4 208 218 (-272 -1323.610107 1 ) (-272 -1323 1 ) (-103.848457 -1323 1 ) (-105.149223 -1323.610107 1 ) 
4 208 214 (-272 -1153 1 ) (-272 -1323.610107 1 ) (-272 -1323.610107 400 ) (-272 -1153 400 ) 
4 209 221 (-81.015099 -1346.286743 400 ) (-99.136688 -1346.286743 400 ) (-99.136688 -1346.286743 1 ) (-81.015099 -1346.286743 1 ) 
3 209 219 (-81.015099 -1346.286743 1 ) (-99.136688 -1346.286743 1 ) (-81.015099 -1340.619873 1 ) 
4 209 210 (-81.015099 -1340.622314 400 ) (-81.015099 -1340.622314 1 ) (-90.072937 -1343.454834 1 ) (-90.072937 -1343.454834 400 ) 
3 210 219 (-81.015099 -1337.779907 1 ) (-81.015099 -1340.619873 1 ) (-90.065109 -1343.449951 1 ) 
4 211 214 (-456 -1153 1 ) (-280 -1153 1 ) (-280 -1153 400 ) (-456 -1153 400 ) 
4 211 212 (-456 -1152 1 ) (-456 -1153 1 ) (-456 -1153 400 ) (-456 -1152 400 ) 
4 212 214 (-464 -1153 1 ) (-456 -1153 1 ) (-456 -1153 400 ) (-464 -1153 400 ) 
4 212 213 (-464 -1152 1 ) (-464 -1153 1 ) (-464 -1153 400 ) (-464 -1152 400 ) 
4 213 214 (-648 -1153 400 ) (-648 -1153 1 ) (-464 -1153 1 ) (-464 -1153 400 ) 
4 214 218 (-648 -1323.610107 1 ) (-648 -1323 1 ) (-272 -1323 1 ) (-272 -1323.610107 1 ) 
4 215 225 (-1024 -1024 400 ) (-1024 -1024 1 ) (-1024 -1140 1 ) (-1024 -1140 400 ) 
4 216 226 (-1024 -1148 1 ) (-1024 -1149 1 ) (-1024 -1149 400 ) (-1024 -1148 400 ) 
4 216 227 (-1024 -1149 1 ) (-1024 -1323.610107 1 ) (-1024 -1323.610107 400 ) (-1024 -1149 400 ) 
4 216 220 (-1024 -1323.610107 1 ) (-1024 -1323 1 ) (-656 -1323 1 ) (-656 -1323.610107 1 ) 
4 217 218 (-81 -1323 0 ) (-81 -1324 0 ) (-81 -1324 1 ) (-81 -1323 1 ) 
4 217 219 (-81 -1324 0 ) (-56.881302 -1324 0 ) (-56.881302 -1324 1 ) (-81 -1324 1 ) 
4 218 219 (-648 -1324 0 ) (-81 -1324 0 ) (-81 -1324 1 ) (-648 -1324 1 ) 
4 219 221 (-656 -1346.286743 0 ) (-56.881302 -1346.286743 0 ) (-56.881302 -1346.286743 1 ) (-656 -1346.286743 1 ) 
4 219 220 (-656 -1324 0 ) (-656 -1346.286743 0 ) (-656 -1346.286743 1 ) (-656 -1324 1 ) 
4 220 238 (-1024 -1323 0 ) (-1024 -1346.286743 0 ) (-1024 -1346.286743 1 ) (-1024 -1323 1 ) 
4 220 221 (-1024 -1346.286743 0 ) (-656 -1346.286743 0 ) (-656 -1346.286743 1 ) (-1024 -1346.286743 1 ) 
4 221 243 (-1024 -1346.286743 0 ) (-1024 -1909.610107 0 ) (-1024 -1909.610107 400 ) (-1024 -1346.286743 400 ) 
4 222 223 (-1396 -1346 840 ) (-1396 -1346 402.523010 ) (-1024 -1346 402.523010 ) (-1024 -1346 840 ) 
4 222 224 (-1396 -1346 402.523010 ) (-1396 -1346 840 ) (-1396 -1024 840 ) (-1396 -1024 420.368744 ) 
4 223 243 (-1024 -1346.286743 400 ) (-1024 -1909.610107 400 ) (-1396 -1909.610107 400 ) (-1396 -1346.286743 400 ) 
4 223 234 (-1372.170166 -1346.286743 400 ) (-1396 -1346.286743 400 ) (-1396 -1346 400 ) (-1372.170166 -1346 400 ) 
4 223 230 (-1354.048218 -1346.286743 400 ) (-1372.170166 -1346.286743 400 ) (-1372.170166 -1346 400 ) (-1354.965210 -1346 400 ) 
4 223 224 (-1396 -1346 400 ) (-1396 -1909.610107 400 ) (-1396 -1909.610107 840 ) (-1396 -1346 840 ) 
4 224 243 (-1529.540039 -1909.610107 400 ) (-1529.540039 -1346.286743 400 ) (-1396 -1346.286743 400 ) (-1396 -1909.610107 400 ) 
4 224 236 (-1396 -1307.473389 400 ) (-1396 -1311.310547 400 ) (-1396.300171 -1310.888184 400 ) (-1396.300171 -1306.627563 400 ) 
4 224 234 (-1396 -1311.310547 400 ) (-1396 -1346.286743 400 ) (-1396.300171 -1346.286743 400 ) (-1396.300171 -1310.888184 400 ) 
4 224 237 (-1529.540039 -1346.286743 400 ) (-1529.540039 -1295.270020 400 ) (-1396.300171 -1295.270020 400 ) (-1396.300171 -1346.286743 400 ) 
4 224 233 (-1529.540039 -1295.270020 400 ) (-1529.540039 -1024 400 ) (-1396.300171 -1024 400 ) (-1396.300171 -1295.270020 400 ) 
4 224 232 (-1396.300171 -1024 400 ) (-1396 -1024 400 ) (-1396 -1295.270020 400 ) (-1396.300171 -1295.270020 400 ) 
4 226 227 (-1032 -1149 1 ) (-1024 -1149 1 ) (-1024 -1149 400 ) (-1032 -1149 400 ) 
4 227 238 (-1040 -1323.610107 1 ) (-1040 -1323 1 ) (-1024 -1323 1 ) (-1024 -1323.610107 1 ) 
4 227 228 (-1040 -1149 1 ) (-1040 -1323.610107 1 ) (-1040 -1323.610107 400 ) (-1040 -1149 400 ) 
4 228 239 (-1204 -1323.610107 1 ) (-1204 -1323 1 ) (-1040 -1323 1 ) (-1040 -1323.610107 1 ) 
4 229 242 (-1372.170166 -1300.939575 1 ) (-1372.170166 -1024 1 ) (-1372 -1024 1 ) (-1372 -1301.258545 1 ) 
4 229 240 (-1212 -1323 1 ) (-1212 -1323.610107 1 ) (-1348.040039 -1323.610107 1 ) (-1349.340088 -1323 1 ) 
4 229 232 (-1372.170166 -1295.270020 399.743011 ) (-1372.170166 -1295.270020 400 ) (-1372.170166 -1024 400 ) (-1372.170166 -1024 399.743011 ) 
4 230 243 (-1354.048218 -1346.286743 400 ) (-1372.170166 -1346.286743 400 ) (-1372.170166 -1346.286743 1 ) (-1354.048218 -1346.286743 1 ) 
3 230 241 (-1354.048218 -1346.286743 1 ) (-1372.170166 -1346.286743 1 ) (-1372.170166 -1340.619751 1 ) 
4 230 235 (-1372.170166 -1340.619751 1 ) (-1372.170166 -1344.845703 1 ) (-1372.170166 -1344.845703 400 ) (-1372.170166 -1340.619751 400 ) 
4 230 234 (-1372.170166 -1344.845703 1 ) (-1372.170166 -1346.286743 1 ) (-1372.170166 -1346.286743 400 ) (-1372.170166 -1344.845703 400 ) 
4 230 231 (-1363.118286 -1343.451050 1 ) (-1372.170166 -1340.620483 1 ) (-1372.170166 -1340.620483 400 ) (-1363.118286 -1343.451050 400 ) 
4 231 242 (-1372 -1340.672974 1 ) (-1372.170166 -1340.619751 1 ) (-1372.170166 -1337.779907 1 ) (-1372 -1337.886475 1 ) 
3 231 241 (-1363.120239 -1343.449829 1 ) (-1372 -1340.672974 1 ) (-1372 -1337.886475 1 ) 
4 231 235 (-1372.170166 -1337.779907 1 ) (-1372.170166 -1340.619751 1 ) (-1372.170166 -1340.619751 400 ) (-1372.170166 -1337.779907 400 ) 
4 232 233 (-1396.300171 -1295.270020 399.743011 ) (-1396.300171 -1295.270020 400 ) (-1396.300171 -1024 400 ) (-1396.300171 -1024 399.743011 ) 
4 233 242 (-1529.540039 -1024 1 ) (-1396.300171 -1024 1 ) (-1396.300171 -1295.270020 1 ) (-1529.540039 -1295.270020 1 ) 
4 233 237 (-1529.540039 -1295.270020 1 ) (-1396.300171 -1295.270020 1 ) (-1396.300171 -1295.270020 400 ) (-1529.540039 -1295.270020 400 ) 
4 234 243 (-1372.170166 -1346.286743 400 ) (-1396.300171 -1346.286743 400 ) (-1396.300171 -1346.286743 1 ) (-1372.170166 -1346.286743 1 ) 
4 234 242 (-1372.170166 -1346.286743 1 ) (-1396.300171 -1346.286743 1 ) (-1396.300171 -1310.888184 1 ) (-1372.170166 -1344.845703 1 ) 
4 234 236 (-1393.277954 -1315.143799 1 ) (-1396.300171 -1310.890625 1 ) (-1396.300171 -1310.890625 400 ) (-1393.277954 -1315.143799 400 ) 
4 234 235 (-1372.170166 -1344.848267 400 ) (-1372.170166 -1344.848267 1 ) (-1381.223511 -1332.107788 1 ) (-1381.223511 -1332.107788 400 ) 
4 234 237 (-1396.300171 -1310.888184 1 ) (-1396.300171 -1346.286743 1 ) (-1396.300171 -1346.286743 400 ) (-1396.300171 -1310.888184 400 ) 
3 235 242 (-1372.170166 -1337.779907 1 ) (-1372.170166 -1344.845703 1 ) (-1381.220215 -1332.109863 1 ) 
3 236 242 (-1396.300171 -1310.888184 1 ) (-1396.300171 -1306.627563 1 ) (-1393.279785 -1315.138794 1 ) 
4 236 237 (-1396.300171 -1306.627563 1 ) (-1396.300171 -1310.888184 1 ) (-1396.300171 -1310.888184 400 ) (-1396.300171 -1306.627563 400 ) 
4 237 243 (-1396.300171 -1346.286743 400 ) (-1529.540039 -1346.286743 400 ) (-1529.540039 -1346.286743 1 ) (-1396.300171 -1346.286743 1 ) 
4 237 242 (-1396.300171 -1346.286743 1 ) (-1529.540039 -1346.286743 1 ) (-1529.540039 -1295.270020 1 ) (-1396.300171 -1295.270020 1 ) 
4 238 243 (-1040 -1346.286743 0 ) (-1024 -1346.286743 0 ) (-1024 -1346.286743 1 ) (-1040 -1346.286743 1 ) 
4 238 239 (-1040 -1323 0 ) (-1040 -1324 0 ) (-1040 -1324 1 ) (-1040 -1323 1 ) 
4 238 241 (-1040 -1324 0 ) (-1040 -1346.286743 0 ) (-1040 -1346.286743 1 ) (-1040 -1324 1 ) 
4 239 241 (-1204 -1324 0 ) (-1040 -1324 0 ) (-1040 -1324 1 ) (-1204 -1324 1 ) 
4 240 242 (-1372 -1323 0 ) (-1372 -1324 0 ) (-1372 -1324 1 ) (-1372 -1323 1 ) 
4 240 241 (-1372 -1324 1 ) (-1372 -1324 0 ) (-1212 -1324 0 ) (-1212 -1324 1 ) 
4 241 243 (-1372 -1346.286743 0 ) (-1040 -1346.286743 0 ) (-1040 -1346.286743 1 ) (-1372 -1346.286743 1 ) 
4 241 242 (-1372 -1324 0 ) (-1372 -1346.286743 0 ) (-1372 -1346.286743 1 ) (-1372 -1324 1 ) 
4 242 243 (-1529.540039 -1346.286743 0 ) (-1372 -1346.286743 0 ) (-1372 -1346.286743 1 ) (-1529.540039 -1346.286743 1 ) 
